2025-09-05 21:23:24,227 INFO o.a.j.u.JMeterUtils: Setting Locale to en_EN
2025-09-05 21:23:24,256 INFO o.a.j.JMeter: Loading user properties from: E:\JMeter\apache-jmeter-5.6.3\bin\user.properties
2025-09-05 21:23:24,257 INFO o.a.j.JMeter: Loading system properties from: E:\JMeter\apache-jmeter-5.6.3\bin\system.properties
2025-09-05 21:23:24,271 INFO o.a.j.JMeter: Copyright (c) 1998-2024 The Apache Software Foundation
2025-09-05 21:23:24,271 INFO o.a.j.JMeter: Version 5.6.3
2025-09-05 21:23:24,272 INFO o.a.j.JMeter: java.version=21.0.7
2025-09-05 21:23:24,272 INFO o.a.j.JMeter: java.vm.name=Java HotSpot(TM) 64-Bit Server VM
2025-09-05 21:23:24,272 INFO o.a.j.JMeter: os.name=Windows 11
2025-09-05 21:23:24,272 INFO o.a.j.JMeter: os.arch=amd64
2025-09-05 21:23:24,272 INFO o.a.j.JMeter: os.version=10.0
2025-09-05 21:23:24,272 INFO o.a.j.JMeter: file.encoding=UTF-8
2025-09-05 21:23:24,273 INFO o.a.j.JMeter: java.awt.headless=true
2025-09-05 21:23:24,273 INFO o.a.j.JMeter: Max memory     =1073741824
2025-09-05 21:23:24,273 INFO o.a.j.JMeter: Available Processors =16
2025-09-05 21:23:24,291 INFO o.a.j.JMeter: Default Locale=English (EN)
2025-09-05 21:23:24,292 INFO o.a.j.JMeter: JMeter  Locale=English (EN)
2025-09-05 21:23:24,292 INFO o.a.j.JMeter: JMeterHome=E:\JMeter\apache-jmeter-5.6.3
2025-09-05 21:23:24,292 INFO o.a.j.JMeter: user.dir  =E:\JMeter\apache-jmeter-5.6.3\bin\Chaining_Asg
2025-09-05 21:23:24,293 INFO o.a.j.JMeter: PWD       =E:\JMeter\apache-jmeter-5.6.3\bin\Chaining_Asg
2025-09-05 21:23:29,244 INFO o.a.j.JMeter: IP: 192.168.56.1 Name: LAPTOP-IVID52UV FullName: LAPTOP-IVID52UV
2025-09-05 21:23:29,277 INFO o.a.j.JMeter: Setting property 'jmeter.reportgenerator.outputdir' to:'E:\JMeter\apache-jmeter-5.6.3\bin\Chaining_Asg\Reports'
2025-09-05 21:23:29,283 INFO o.a.j.s.FileServer: Default base='E:\JMeter\apache-jmeter-5.6.3\bin\Chaining_Asg'
2025-09-05 21:23:29,287 INFO o.a.j.s.FileServer: Set new base='E:\JMeter\apache-jmeter-5.6.3\bin\Chaining_Asg\.'
2025-09-05 21:23:29,705 INFO o.a.j.s.SaveService: Testplan (JMX) version: 2.2. Testlog (JTL) version: 2.2
2025-09-05 21:23:29,780 INFO o.a.j.s.SaveService: Using SaveService properties version 5.0
2025-09-05 21:23:29,788 INFO o.a.j.s.SaveService: Using SaveService properties file encoding UTF-8
2025-09-05 21:23:29,796 INFO o.a.j.s.SaveService: Loading file: .\dmoney.jmx
2025-09-05 21:23:29,983 INFO o.a.j.p.h.s.HTTPSamplerBase: Parser for text/html is org.apache.jmeter.protocol.http.parser.LagartoBasedHtmlParser
2025-09-05 21:23:29,984 INFO o.a.j.p.h.s.HTTPSamplerBase: Parser for application/xhtml+xml is org.apache.jmeter.protocol.http.parser.LagartoBasedHtmlParser
2025-09-05 21:23:29,984 INFO o.a.j.p.h.s.HTTPSamplerBase: Parser for application/xml is org.apache.jmeter.protocol.http.parser.LagartoBasedHtmlParser
2025-09-05 21:23:29,984 INFO o.a.j.p.h.s.HTTPSamplerBase: Parser for text/xml is org.apache.jmeter.protocol.http.parser.LagartoBasedHtmlParser
2025-09-05 21:23:29,984 INFO o.a.j.p.h.s.HTTPSamplerBase: Parser for text/vnd.wap.wml is org.apache.jmeter.protocol.http.parser.RegexpHTMLParser
2025-09-05 21:23:29,984 INFO o.a.j.p.h.s.HTTPSamplerBase: Parser for text/css is org.apache.jmeter.protocol.http.parser.CssParser
2025-09-05 21:23:30,109 INFO o.a.j.JMeter: Creating summariser <summary>
2025-09-05 21:23:30,119 INFO o.a.j.r.d.ReportGenerator: ReportGenerator will use for Parsing the separator: ','
2025-09-05 21:23:30,119 INFO o.a.j.r.d.ReportGenerator: Will generate report at end of test from  results file: .\dmoney.jtl
2025-09-05 21:23:30,119 INFO o.a.j.r.d.ReportGenerator: Reading report generator properties from: E:\JMeter\apache-jmeter-5.6.3\bin\reportgenerator.properties
2025-09-05 21:23:30,140 INFO o.a.j.r.d.ReportGenerator: Merging with JMeter properties
2025-09-05 21:23:30,152 INFO o.a.j.r.c.ReportGeneratorConfiguration: Property 'jmeter.reportgenerator.temp_dir' not found, using default value 'temp' instead.
2025-09-05 21:23:30,157 INFO o.a.j.r.c.ReportGeneratorConfiguration: Property 'jmeter.reportgenerator.apdex_per_transaction' not found, using default value 'null' instead.
2025-09-05 21:23:30,157 INFO o.a.j.r.c.ReportGeneratorConfiguration: apdex_per_transaction is empty, not APDEX per transaction customization
2025-09-05 21:23:30,157 INFO o.a.j.r.c.ReportGeneratorConfiguration: Property 'jmeter.reportgenerator.sample_filter' not found, using default value 'null' instead.
2025-09-05 21:23:30,157 INFO o.a.j.r.c.ReportGeneratorConfiguration: Property 'jmeter.reportgenerator.report_title' not found, using default value 'null' instead.
2025-09-05 21:23:30,158 INFO o.a.j.r.c.ReportGeneratorConfiguration: Property 'jmeter.reportgenerator.start_date' not found, using default value 'null' instead.
2025-09-05 21:23:30,158 INFO o.a.j.r.c.ReportGeneratorConfiguration: Property 'jmeter.reportgenerator.end_date' not found, using default value 'null' instead.
2025-09-05 21:23:30,158 INFO o.a.j.r.c.ReportGeneratorConfiguration: Property 'jmeter.reportgenerator.date_format' not found, using default value 'null' instead.
2025-09-05 21:23:30,158 INFO o.a.j.r.c.ReportGeneratorConfiguration: Will use date range start date: null, end date: null
2025-09-05 21:23:30,167 INFO o.a.j.r.c.ReportGeneratorConfiguration: Property 'jmeter.reportgenerator.graph.totalTPS.exclude_controllers' not found, using default value 'false' instead.
2025-09-05 21:23:30,167 INFO o.a.j.r.c.ReportGeneratorConfiguration: Property 'jmeter.reportgenerator.graph.activeThreadsOverTime.exclude_controllers' not found, using default value 'false' instead.
2025-09-05 21:23:30,167 INFO o.a.j.r.c.ReportGeneratorConfiguration: Property 'jmeter.reportgenerator.graph.timeVsThreads.exclude_controllers' not found, using default value 'false' instead.
2025-09-05 21:23:30,167 INFO o.a.j.r.c.ReportGeneratorConfiguration: Property 'jmeter.reportgenerator.graph.responseTimeDistribution.exclude_controllers' not found, using default value 'false' instead.
2025-09-05 21:23:30,167 INFO o.a.j.r.c.ReportGeneratorConfiguration: Property 'jmeter.reportgenerator.graph.transactionsPerSecond.exclude_controllers' not found, using default value 'false' instead.
2025-09-05 21:23:30,167 INFO o.a.j.r.c.ReportGeneratorConfiguration: Property 'jmeter.reportgenerator.graph.responseTimePercentiles.exclude_controllers' not found, using default value 'false' instead.
2025-09-05 21:23:30,168 INFO o.a.j.r.c.ReportGeneratorConfiguration: Property 'jmeter.reportgenerator.graph.responseTimePercentilesOverTime.exclude_controllers' not found, using default value 'false' instead.
2025-09-05 21:23:30,168 INFO o.a.j.r.c.ReportGeneratorConfiguration: Property 'jmeter.reportgenerator.graph.responseTimesOverTime.exclude_controllers' not found, using default value 'false' instead.
2025-09-05 21:23:30,168 INFO o.a.j.r.c.ReportGeneratorConfiguration: Property 'jmeter.reportgenerator.graph.connectTimeOverTime.exclude_controllers' not found, using default value 'false' instead.
2025-09-05 21:23:30,168 INFO o.a.j.r.c.ReportGeneratorConfiguration: Property 'jmeter.reportgenerator.graph.latenciesOverTime.exclude_controllers' not found, using default value 'false' instead.
2025-09-05 21:23:30,170 INFO o.a.j.r.c.ReportGeneratorConfiguration: Property 'jmeter.reportgenerator.exporter.json.filters_only_sample_series' not found, using default value 'true' instead.
2025-09-05 21:23:30,170 INFO o.a.j.r.c.ReportGeneratorConfiguration: Property 'jmeter.reportgenerator.exporter.json.series_filter' not found, using default value '' instead.
2025-09-05 21:23:30,170 INFO o.a.j.r.c.ReportGeneratorConfiguration: Property 'jmeter.reportgenerator.exporter.json.show_controllers_only' not found, using default value 'false' instead.
2025-09-05 21:23:30,170 INFO o.a.j.r.c.ReportGeneratorConfiguration: Property 'jmeter.reportgenerator.exporter.html.filters_only_sample_series' not found, using default value 'true' instead.
2025-09-05 21:23:30,172 INFO o.a.j.r.c.ReportGeneratorConfiguration: Property 'jmeter.reportgenerator.exporter.html.series_filter' not found, using default value '' instead.
2025-09-05 21:23:30,172 INFO o.a.j.r.c.ReportGeneratorConfiguration: Property 'jmeter.reportgenerator.exporter.html.show_controllers_only' not found, using default value 'false' instead.
2025-09-05 21:23:30,200 INFO o.a.j.e.StandardJMeterEngine: Running the test!
2025-09-05 21:23:30,202 INFO o.a.j.s.SampleEvent: List of sample_variables: []
2025-09-05 21:23:30,202 INFO o.a.j.s.SampleEvent: List of sample_variables: []
2025-09-05 21:23:30,211 INFO o.a.j.e.u.CompoundVariable: Note: Function class names must contain the string: '.functions.'
2025-09-05 21:23:30,211 INFO o.a.j.e.u.CompoundVariable: Note: Function class names must not contain the string: '.gui.'
2025-09-05 21:23:30,341 INFO o.a.j.r.ClassFinder: Will scan jar E:\JMeter\apache-jmeter-5.6.3\lib\ext\javafaker-1.0.2.jar with filter ExtendsClassFilter [parents=[interface org.apache.jmeter.functions.Function], inner=false, contains=null, notContains=null]. Consider exposing JMeter plugins via META-INF/services, and add JMeter-Skip-Class-Scanning=true manifest attribute so JMeter can skip classfile scanning
2025-09-05 21:23:30,414 INFO o.a.j.JMeter: Running test (1757085810414)
2025-09-05 21:23:30,446 INFO o.a.j.e.StandardJMeterEngine: Starting ThreadGroup: 1 : Deposit
2025-09-05 21:23:30,446 INFO o.a.j.e.StandardJMeterEngine: Starting 1 threads for group Deposit.
2025-09-05 21:23:30,446 INFO o.a.j.e.StandardJMeterEngine: Thread will continue on error
2025-09-05 21:23:30,446 INFO o.a.j.t.ThreadGroup: Starting thread group... number=1 threads=1 ramp-up=120 delayedStart=false
2025-09-05 21:23:30,455 INFO o.a.j.t.ThreadGroup: Started thread group number 1
2025-09-05 21:23:30,455 INFO o.a.j.e.StandardJMeterEngine: Starting ThreadGroup: 2 : Send Money
2025-09-05 21:23:30,455 INFO o.a.j.e.StandardJMeterEngine: Starting 1 threads for group Send Money.
2025-09-05 21:23:30,455 INFO o.a.j.e.StandardJMeterEngine: Thread will continue on error
2025-09-05 21:23:30,455 INFO o.a.j.t.ThreadGroup: Starting thread group... number=2 threads=1 ramp-up=120 delayedStart=false
2025-09-05 21:23:30,457 INFO o.a.j.t.ThreadGroup: Started thread group number 2
2025-09-05 21:23:30,457 INFO o.a.j.e.StandardJMeterEngine: Starting ThreadGroup: 3 : Payment
2025-09-05 21:23:30,457 INFO o.a.j.e.StandardJMeterEngine: Starting 1 threads for group Payment.
2025-09-05 21:23:30,457 INFO o.a.j.e.StandardJMeterEngine: Thread will continue on error
2025-09-05 21:23:30,457 INFO o.a.j.t.ThreadGroup: Starting thread group... number=3 threads=1 ramp-up=120 delayedStart=false
2025-09-05 21:23:30,459 INFO o.a.j.t.ThreadGroup: Started thread group number 3
2025-09-05 21:23:30,459 INFO o.a.j.e.StandardJMeterEngine: All thread groups have been started
2025-09-05 21:23:30,576 INFO o.a.j.t.JMeterThread: Thread started: Payment 3-1
2025-09-05 21:23:30,576 INFO o.a.j.t.JMeterThread: Thread started: Deposit 1-1
2025-09-05 21:23:30,576 INFO o.a.j.t.JMeterThread: Thread started: Send Money 2-1
2025-09-05 21:23:30,606 INFO o.a.j.p.h.s.HTTPHCAbstractImpl: Local host = LAPTOP-IVID52UV
2025-09-05 21:23:30,618 INFO o.a.j.p.h.s.HTTPHC4Impl: HTTP request retry count = 0
2025-09-05 21:23:30,621 INFO o.a.j.s.SampleResult: Note: Sample TimeStamps are START times
2025-09-05 21:23:30,621 INFO o.a.j.s.SampleResult: sampleresult.default.encoding is set to UTF-8
2025-09-05 21:23:30,621 INFO o.a.j.s.SampleResult: sampleresult.useNanoTime=true
2025-09-05 21:23:30,621 INFO o.a.j.s.SampleResult: sampleresult.nanoThreadSleep=5000
2025-09-05 21:23:30,820 INFO o.a.j.p.h.s.h.LazyLayeredConnectionSocketFactory: Setting up HTTPS TrustAll Socket Factory
2025-09-05 21:23:30,831 INFO o.a.j.u.JsseSSLManager: Using default SSL protocol: TLS
2025-09-05 21:23:30,831 INFO o.a.j.u.JsseSSLManager: SSL session context: per-thread
2025-09-05 21:23:31,017 INFO o.a.j.u.SSLManager: JmeterKeyStore Location:  type JKS
2025-09-05 21:23:31,025 INFO o.a.j.u.SSLManager: KeyStore created OK
2025-09-05 21:23:31,025 WARN o.a.j.u.SSLManager: Keystore file not found, loading empty keystore
2025-09-05 21:23:31,689 INFO o.a.j.s.FileServer: Stored: E:/JMeter/apache-jmeter-5.6.3/bin/Chaining_Asg/sendMoney.csv
2025-09-05 21:23:31,698 INFO o.a.j.r.Summariser: summary +      1 in 00:00:01 =    0.8/s Avg:   817 Min:   817 Max:   817 Err:     0 (0.00%) Active: 3 Started: 3 Finished: 0
2025-09-05 21:23:31,712 INFO o.a.j.s.FileServer: Stored: E:/JMeter/apache-jmeter-5.6.3/bin/Chaining_Asg/deposit.csv
2025-09-05 21:23:31,985 INFO o.a.j.s.FileServer: Stored: E:/JMeter/apache-jmeter-5.6.3/bin/Chaining_Asg/payment.csv
2025-09-05 21:23:33,679 INFO o.a.j.t.JMeterThread: Thread is done: Payment 3-1
2025-09-05 21:23:33,680 INFO o.a.j.t.JMeterThread: Thread finished: Payment 3-1
2025-09-05 21:23:34,668 INFO o.a.j.t.JMeterThread: Thread is done: Send Money 2-1
2025-09-05 21:23:34,668 INFO o.a.j.t.JMeterThread: Thread finished: Send Money 2-1
2025-09-05 21:23:34,901 INFO o.a.j.t.JMeterThread: Thread is done: Deposit 1-1
2025-09-05 21:23:34,901 INFO o.a.j.t.JMeterThread: Thread finished: Deposit 1-1
2025-09-05 21:23:34,903 INFO o.a.j.e.StandardJMeterEngine: Notifying test listeners of end of test
2025-09-05 21:23:34,903 INFO o.a.j.s.FileServer: Close: E:/JMeter/apache-jmeter-5.6.3/bin/Chaining_Asg/deposit.csv
2025-09-05 21:23:34,907 INFO o.a.j.s.FileServer: Close: E:/JMeter/apache-jmeter-5.6.3/bin/Chaining_Asg/payment.csv
2025-09-05 21:23:34,907 INFO o.a.j.s.FileServer: Close: E:/JMeter/apache-jmeter-5.6.3/bin/Chaining_Asg/sendMoney.csv
2025-09-05 21:23:34,910 INFO o.a.j.r.Summariser: summary +     27 in 00:00:03 =    8.4/s Avg:   363 Min:   152 Max:  1210 Err:     0 (0.00%) Active: 0 Started: 3 Finished: 3
2025-09-05 21:23:34,914 INFO o.a.j.r.Summariser: summary =     28 in 00:00:04 =    6.2/s Avg:   379 Min:   152 Max:  1210 Err:     0 (0.00%)
2025-09-05 21:23:34,919 INFO o.a.j.JMeter: Generating Dashboard
2025-09-05 21:23:34,919 INFO o.a.j.r.d.ReportGenerator: Flushing result collector before report Generation
2025-09-05 21:23:34,972 INFO o.a.j.r.p.NormalizerSampleConsumer: Using format, 'ms', to parse timeStamp field
2025-09-05 21:23:35,105 INFO o.a.j.r.p.AbstractSampleConsumer: class org.apache.jmeter.report.processor.AggregateConsumer#stopProducing(): beginDate produced 0 samples
2025-09-05 21:23:35,106 INFO o.a.j.r.p.AbstractSampleConsumer: class org.apache.jmeter.report.processor.AggregateConsumer#stopProducing(): endDate produced 0 samples
2025-09-05 21:23:35,110 INFO o.a.j.r.p.AbstractSampleConsumer: class org.apache.jmeter.report.processor.ApdexSummaryConsumer#stopProducing(): apdexSummary produced 0 samples
2025-09-05 21:23:35,110 INFO o.a.j.r.p.AbstractSampleConsumer: class org.apache.jmeter.report.processor.RequestsSummaryConsumer#stopProducing(): requestsSummary produced 0 samples
2025-09-05 21:23:35,119 INFO o.a.j.r.p.AbstractSampleConsumer: class org.apache.jmeter.report.processor.StatisticsSummaryConsumer#stopProducing(): statisticsSummary produced 0 samples
2025-09-05 21:23:35,122 INFO o.a.j.r.p.AbstractSampleConsumer: class org.apache.jmeter.report.processor.Top5ErrorsBySamplerConsumer#stopProducing(): top5ErrorsBySampler produced 0 samples
2025-09-05 21:23:35,122 INFO o.a.j.r.p.AbstractSampleConsumer: class org.apache.jmeter.report.processor.ErrorsSummaryConsumer#stopProducing(): errorsSummary produced 0 samples
2025-09-05 21:23:35,122 INFO o.a.j.r.p.AbstractSampleConsumer: class org.apache.jmeter.report.processor.graph.impl.HitsPerSecondGraphConsumer#stopProducing(): hitsPerSecond produced 0 samples
2025-09-05 21:23:35,179 INFO o.a.j.r.p.AbstractSampleConsumer: class org.apache.jmeter.report.processor.graph.impl.LatencyVSRequestGraphConsumer#stopProducing(): latencyVsRequest produced 0 samples
2025-09-05 21:23:35,180 INFO o.a.j.r.p.AbstractSampleConsumer: class org.apache.jmeter.report.processor.graph.impl.SyntheticResponseTimeDistributionGraphConsumer#stopProducing(): syntheticResponseTimeDistribution produced 0 samples
2025-09-05 21:23:35,180 INFO o.a.j.r.p.AbstractSampleConsumer: class org.apache.jmeter.report.processor.graph.impl.BytesThroughputGraphConsumer#stopProducing(): bytesThroughputOverTime produced 0 samples
2025-09-05 21:23:35,181 INFO o.a.j.r.p.AbstractSampleConsumer: class org.apache.jmeter.report.processor.graph.impl.CodesPerSecondGraphConsumer#stopProducing(): codesPerSecond produced 0 samples
2025-09-05 21:23:35,187 INFO o.a.j.r.p.AbstractSampleConsumer: class org.apache.jmeter.report.processor.graph.impl.ResponseTimeVSRequestGraphConsumer#stopProducing(): responseTimeVsRequest produced 0 samples
2025-09-05 21:23:35,188 INFO o.a.j.r.p.AbstractSampleConsumer: class org.apache.jmeter.report.processor.FilterConsumer#stopProducing(): startIntervalControlerFilter produced 196 samples
2025-09-05 21:23:35,188 INFO o.a.j.r.p.AbstractSampleConsumer: class org.apache.jmeter.report.processor.graph.impl.TotalTPSGraphConsumer#stopProducing(): totalTPS produced 0 samples
2025-09-05 21:23:35,188 INFO o.a.j.r.p.AbstractSampleConsumer: class org.apache.jmeter.report.processor.graph.impl.ActiveThreadsGraphConsumer#stopProducing(): activeThreadsOverTime produced 0 samples
2025-09-05 21:23:35,188 INFO o.a.j.r.p.AbstractSampleConsumer: class org.apache.jmeter.report.processor.graph.impl.TimeVSThreadGraphConsumer#stopProducing(): timeVsThreads produced 0 samples
2025-09-05 21:23:35,189 INFO o.a.j.r.p.AbstractSampleConsumer: class org.apache.jmeter.report.processor.graph.impl.ResponseTimeDistributionGraphConsumer#stopProducing(): responseTimeDistribution produced 0 samples
2025-09-05 21:23:35,189 INFO o.a.j.r.p.AbstractSampleConsumer: class org.apache.jmeter.report.processor.graph.impl.TransactionsPerSecondGraphConsumer#stopProducing(): transactionsPerSecond produced 0 samples
2025-09-05 21:23:35,189 INFO o.a.j.r.p.AbstractSampleConsumer: class org.apache.jmeter.report.processor.graph.impl.ResponseTimePercentilesGraphConsumer#stopProducing(): responseTimePercentiles produced 0 samples
2025-09-05 21:23:35,191 INFO o.a.j.r.p.AbstractSampleConsumer: class org.apache.jmeter.report.processor.graph.impl.ResponseTimePercentilesOverTimeGraphConsumer#stopProducing(): responseTimePercentilesOverTime produced 0 samples
2025-09-05 21:23:35,191 INFO o.a.j.r.p.AbstractSampleConsumer: class org.apache.jmeter.report.processor.graph.impl.ResponseTimeOverTimeGraphConsumer#stopProducing(): responseTimesOverTime produced 0 samples
2025-09-05 21:23:35,191 INFO o.a.j.r.p.AbstractSampleConsumer: class org.apache.jmeter.report.processor.graph.impl.ConnectTimeOverTimeGraphConsumer#stopProducing(): connectTimeOverTime produced 0 samples
2025-09-05 21:23:35,192 INFO o.a.j.r.p.AbstractSampleConsumer: class org.apache.jmeter.report.processor.graph.impl.LatencyOverTimeGraphConsumer#stopProducing(): latenciesOverTime produced 0 samples
2025-09-05 21:23:35,193 INFO o.a.j.r.p.AbstractSampleConsumer: class org.apache.jmeter.report.processor.FilterConsumer#stopProducing(): nameFilter produced 420 samples
2025-09-05 21:23:35,193 INFO o.a.j.r.p.AbstractSampleConsumer: class org.apache.jmeter.report.processor.FilterConsumer#stopProducing(): dateRangeFilter produced 84 samples
2025-09-05 21:23:35,193 INFO o.a.j.r.p.AbstractSampleConsumer: class org.apache.jmeter.report.processor.NormalizerSampleConsumer#stopProducing(): normalizer produced 28 samples
2025-09-05 21:23:35,194 INFO o.a.j.r.p.CsvFileSampleSource: produce(): 28 samples produced in 166ms on channel 0
2025-09-05 21:23:35,194 INFO o.a.j.r.d.ReportGenerator: Exporting data using exporter:'json' of className:'org.apache.jmeter.report.dashboard.JsonExporter'
2025-09-05 21:23:35,353 INFO o.a.j.r.d.JsonExporter: Found data for consumer statisticsSummary in context
2025-09-05 21:23:35,353 INFO o.a.j.r.d.JsonExporter: Creating statistics for overall
2025-09-05 21:23:35,354 INFO o.a.j.r.d.JsonExporter: Creating statistics for other transactions
2025-09-05 21:23:35,355 INFO o.a.j.r.d.JsonExporter: Checking output folder
2025-09-05 21:23:35,355 INFO o.a.j.r.d.JsonExporter: Writing statistics JSON to E:\JMeter\apache-jmeter-5.6.3\bin\Chaining_Asg\Reports\statistics.json
2025-09-05 21:23:35,460 INFO o.a.j.r.d.ReportGenerator: Exporting data using exporter:'html' of className:'org.apache.jmeter.report.dashboard.HtmlTemplateExporter'
2025-09-05 21:23:35,466 INFO o.a.j.r.d.HtmlTemplateExporter: Will generate dashboard in folder: E:\JMeter\apache-jmeter-5.6.3\bin\Chaining_Asg\Reports
2025-09-05 21:23:35,723 INFO o.a.j.r.d.HtmlTemplateExporter: Report will be generated in: E:\JMeter\apache-jmeter-5.6.3\bin\Chaining_Asg\Reports, creating folder structure
2025-09-05 21:23:35,730 INFO o.a.j.r.d.TemplateVisitor: Copying folder from 'E:\JMeter\apache-jmeter-5.6.3\bin\report-template' to 'E:\JMeter\apache-jmeter-5.6.3\bin\Chaining_Asg\Reports', got message: E:\JMeter\apache-jmeter-5.6.3\bin\Chaining_Asg\Reports, found non empty folder with following content [E:\JMeter\apache-jmeter-5.6.3\bin\Chaining_Asg\Reports\statistics.json], will be ignored
2025-09-05 21:23:36,749 INFO o.a.j.JMeter: Dashboard generated
